
<!DOCTYPE html>
<html>


<head>
	<meta charset='utf-8' /> 
	<meta name='description' content='' />
	<meta name='robots' content='noodp, noydir' />
	<meta name='viewport' content='width=device-width, initial-scale=1' />
	<meta id="timeStampFormat" name="timeStampFormat" content='MMM d, yyyy hh:mm:ss a'/>
	
	<link href='https://fonts.googleapis.com/css?family=Source+Sans+Pro:400,600' rel='stylesheet' type='text/css'>
	<link href="https://fonts.googleapis.com/icon?family=Material+Icons" rel="stylesheet">

		<link href='https://cdn.rawgit.com/anshooarora/extentreports-java/6d3843c29c354373fafad29c03a1a89b7e06c374/dist/css/extent.css' type='text/css' rel='stylesheet' />
	
	<title>extent.html</title>

</head>

	<body class='extent standard default hide-overflow bdd-report'>
		<div id='theme-selector' alt='Click to toggle theme. To enable by default, use theme configuration.' title='Click to toggle theme. To enable by default, use theme configuration.'>
			<span><i class='material-icons'>desktop_windows</i></span>
		</div>

<nav>
	<div class="nav-wrapper">
		<a href="#!" class="brand-logo blue darken-3">Extent</a>

		<!-- slideout menu -->
		<ul id='slide-out' class='side-nav fixed hide-on-med-and-down'>
			<li class='waves-effect active'><a href='#!' view='test-view' onclick="configureView(0);chartsView('test');"><i class='material-icons'>dashboard</i></a></li>
						<li class='waves-effect'><a href='#!' view='exception-view' onclick="configureView(2)"><i class='material-icons'>bug_report</i></a></li>
			<li class='waves-effect'><a href='#!' onclick="configureView(-1);chartsView('dashboard');" view='dashboard-view'><i class='material-icons'>track_changes</i></i></a></li>
		</ul>

		<!-- report name -->
		<span class='report-name'>extent.html</span>
		
		<!-- report headline -->
		<span class='report-headline'></span>

		<!-- nav-right -->
		<ul id='nav-mobile' class='right hide-on-med-and-down nav-right'>
			<li>
                <a href='#!'>
                    <span class='label suite-start-time blue darken-3'>Nov 27, 2017 01:30:48 PM</span>
				</a>
			</li>
			<li>
                <a href='#!'>
                    <span class='label blue darken-3'>v3.0.6</span>
				</a>
			</li>
		</ul>
	</div>
</nav>

		<!-- container -->
		<div class='container'>

<div id='test-view' class='view'>
				
	<section id='controls'>
		<div class='controls grey lighten-4'>
			<!-- test toggle -->
			<div class='chip transparent'>
				<a class='dropdown-button tests-toggle' data-activates='tests-toggle' data-constrainwidth='true' data-beloworigin='true' data-hover='true' href='#'>
					<i class='material-icons'>warning</i> Status
				</a>
				<ul id='tests-toggle' class='dropdown-content'>
											<li status='pass'><a href='#!'>Pass <i class='material-icons green-text'>check_circle</i></a></li>
						<li status='fail'><a href='#!'>Fail <i class='material-icons red-text'>cancel</i></a></li>
					<li class='divider'></li>
					<li status='clear' clear='true'><a href='#!'>Clear Filters <i class='material-icons'>clear</i></a></li>
				</ul>
			</div>
			<!-- test toggle -->

			<!-- category toggle -->
			<!-- category toggle -->

			<!-- clear filters -->
			<div class='chip transparent hide'>
				<a class='' id='clear-filters' alt='Clear Filters' title='Clear Filters'>
					<i class='material-icons'>close</i> Clear
				</a>
			</div>
			<!-- clear filters -->

			<!-- enable dashboard -->
			<div id='toggle-test-view-charts' class='chip transparent'>
				<a class='pink-text' id='enable-dashboard' alt='Enable Dashboard' title='Enable Dashboard'>
					<i class='material-icons'>track_changes</i> Dashboard
				</a>
			</div>
			<!-- enable dashboard -->

			<!-- search -->
			<div class='chip transparent' alt='Search Tests' title='Search Tests'>
				<a href="#" class='search-div'>
					<i class='material-icons'>search</i> Search
				</a>

				<div class='input-field left hide'>
					<input id='search-tests' type='text' class='validate browser-default' placeholder='Search Tests...'>
				</div>
				
			</div>
			<!-- search -->
		</div>
	</section>


<div id='test-view-charts' class='subview-full'>
	<div id='charts-row' class='row nm-v nm-h'>
		<div class='col s12 m4 l4 np-h'>
			<div class='card-panel nm-v'>
				<div class='left panel-name'>Features</div>
				<div class='chart-box'>
					<canvas id='parent-analysis' width='100' height='80'></canvas>
				</div>
				<div class='block text-small'>
					<span class='tooltipped' data-position='top' data-tooltip='33.333%'><span class='strong'>1</span> feature(s) passed</span>
				</div>
				<div class='block text-small'>
					<span class='strong tooltipped' data-position='top' data-tooltip='66.667%'>2</span> feature(s) failed, <span class='strong tooltipped' data-position='top' data-tooltip='0%'>0</span> others
				</div>
			</div>
		</div>
		
		<div class='col s12 m4 l4 np-h'>
			<div class='card-panel nm-v'>
				<div class='left panel-name'>Scenarios</div>
				<div class='chart-box'>
					<canvas id='child-analysis' width='100' height='80'></canvas>
				</div>
				<div class='block text-small'>
					<span class='tooltipped' data-position='top' data-tooltip='66.667%'><span class='strong'>4</span> scenario(s) passed</span>
				</div>
				<div class='block text-small'>
					<span class='strong tooltipped' data-position='top' data-tooltip='33.333%'>2</span> scenario(s) failed, <span class='strong tooltipped' data-position='top' data-tooltip='0%'>0</span> others
				</div>
			</div>
		</div>
		
		<div class='col s12 m4 l4 np-h'>
			<div class='card-panel nm-v'>
				<div class='left panel-name'>Steps</div>
				<div class='chart-box'>
					<canvas id='grandchild-analysis' width='100' height='80'></canvas>
				</div>
				<div class='block text-small'>
					<span class='tooltipped' data-position='top' data-tooltip='91.667%'><span class='strong'>22</span> step(s) passed</span>
				</div>
				<div class='block text-small'>
					<span class='strong tooltipped' data-position='top' data-tooltip='8.333%'>2</span> step(s) failed, <span class='strong tooltipped' data-position='top' data-tooltip='0%'>0</span> others
				</div>
			</div>
		</div>
	</div>
</div>

	<div class='subview-left left'>
		
		<div class='view-summary'>
			<h5>Features</h5>
			<ul id='test-collection' class='test-collection'>
				
				
				<li class='test displayed active has-leaf pass' status='pass' bdd='true' test-id='1'>
					<div class='test-heading'>
						<span class='test-name'>verify  login  test</span>
						<span class='test-time'>Nov 27, 2017 01:30:48 PM</span>
						<span class='test-status right pass'>pass</span>
					</div>
					<div class='test-content hide'>
<div class='scenario node' test-id='2' status='pass'>
	<span class='duration right label'>0h 0m 49s+472ms</span>
	<div class='desc'>
		<b>Scenario</b>
		<span class="desc-text">validate user login</span>
	</div>
	<ul class='steps'>
		<li test-id='8' class='node given pass' status='pass'>
			
			<b>Given</b>
			
			<span class="bdd-step-name">Test setup has been successful</span>
			
		</li>
		<li test-id='21' class='node and pass' status='pass'>
			
			<b>And</b>
			
			<span class="bdd-step-name">I am the site 'https://customerdev2.gaialandscape.com/'</span>
			
		</li>
		<li test-id='22' class='node when pass' status='pass'>
			
			<b>When</b>
			
			<span class="bdd-step-name">I login with admin user</span>
				<div class='pre'>I set field 'email field' with value 'admin'</div>
				<div class='pre'>I set field 'password field' with value '# .Gaia$'</div>
				<div class='pre'>I click submit button</div>
				<div class='pre'>I click continue button</div>
			
		</li>
		<li test-id='25' class='node then pass' status='pass'>
			
			<b>Then</b>
			
			<span class="bdd-step-name">I verify company list is displayed</span>
				<div class='pre'>I verify 'company list section' is displayed</div>
			
		</li>
	</ul>
</div>
<div class='scenario node' test-id='3' status='pass'>
	<span class='duration right label'>0h 0m 45s+179ms</span>
	<div class='desc'>
		<b>Scenario</b>
		<span class="desc-text">validate user login as supervisor</span>
	</div>
	<ul class='steps'>
		<li test-id='12' class='node given pass' status='pass'>
			
			<b>Given</b>
			
			<span class="bdd-step-name">Test setup has been successful</span>
			
		</li>
		<li test-id='17' class='node and pass' status='pass'>
			
			<b>And</b>
			
			<span class="bdd-step-name">I am the site 'https://customerdev2.gaialandscape.com/'</span>
			
		</li>
		<li test-id='19' class='node when pass' status='pass'>
			
			<b>When</b>
			
			<span class="bdd-step-name">I login with supervisor user</span>
				<div class='pre'>I set field 'email field' with value 'zzzauto1'</div>
				<div class='pre'>I set field 'password field' with value 'zzzauto1'</div>
				<div class='pre'>I click submit button</div>
				<div class='pre'>I click continue button</div>
			
		</li>
		<li test-id='20' class='node then pass' status='pass'>
			
			<b>Then</b>
			
			<span class="bdd-step-name">I verify people list is displayed</span>
				<div class='pre'>I verify 'plant tab' is displayed</div>
			
		</li>
	</ul>
</div>
<div class='scenario node' test-id='4' status='pass'>
	<span class='duration right label'>0h 0m 55s+616ms</span>
	<div class='desc'>
		<b>Scenario</b>
		<span class="desc-text">validate user login as manager</span>
	</div>
	<ul class='steps'>
		<li test-id='11' class='node given pass' status='pass'>
			
			<b>Given</b>
			
			<span class="bdd-step-name">Test setup has been successful</span>
			
		</li>
		<li test-id='26' class='node and pass' status='pass'>
			
			<b>And</b>
			
			<span class="bdd-step-name">I am the site 'https://customerdev2.gaialandscape.com/'</span>
			
		</li>
		<li test-id='27' class='node when pass' status='pass'>
			
			<b>When</b>
			
			<span class="bdd-step-name">I login with manager user</span>
				<div class='pre'>I set field 'email field' with value 'zzzautomanager1'</div>
				<div class='pre'>I set field 'password field' with value 'zzzautomanager1'</div>
				<div class='pre'>I click submit button</div>
				<div class='pre'>I click continue button</div>
			
		</li>
		<li test-id='28' class='node then pass' status='pass'>
			
			<b>Then</b>
			
			<span class="bdd-step-name">I verify people list is displayed</span>
				<div class='pre'>I verify 'report tab' is displayed</div>
			
		</li>
	</ul>
</div>
<div class='scenario node' test-id='5' status='pass'>
	<span class='duration right label'>0h 0m 40s+183ms</span>
	<div class='desc'>
		<b>Scenario</b>
		<span class="desc-text">validate user logout</span>
	</div>
	<ul class='steps'>
		<li test-id='10' class='node given pass' status='pass'>
			
			<b>Given</b>
			
			<span class="bdd-step-name">Test setup has been successful</span>
			
		</li>
		<li test-id='13' class='node and pass' status='pass'>
			
			<b>And</b>
			
			<span class="bdd-step-name">I am the site 'https://customerdev2.gaialandscape.com/'</span>
			
		</li>
		<li test-id='14' class='node when pass' status='pass'>
			
			<b>When</b>
			
			<span class="bdd-step-name">I login with admin user</span>
				<div class='pre'>I set field 'email field' with value 'admin'</div>
				<div class='pre'>I set field 'password field' with value '# .Gaia$'</div>
				<div class='pre'>I click submit button</div>
				<div class='pre'>I click continue button</div>
			
		</li>
		<li test-id='15' class='node then pass' status='pass'>
			
			<b>Then</b>
			
			<span class="bdd-step-name">I verify company list is displayed</span>
				<div class='pre'>I verify 'company list section' is displayed</div>
			
		</li>
		<li test-id='16' class='node when pass' status='pass'>
			
			<b>When</b>
			
			<span class="bdd-step-name">I logout</span>
				<div class='pre'>I click logout button</div>
			
		</li>
		<li test-id='18' class='node then pass' status='pass'>
			
			<b>Then</b>
			
			<span class="bdd-step-name">I should see the login panel</span>
				<div class='pre'>I verify 'submit button' is displayed</div>
			
		</li>
	</ul>
</div>
					</div>
				</li>
				
				
				<li class='test displayed active has-leaf fail' status='fail' bdd='true' test-id='6'>
					<div class='test-heading'>
						<span class='test-name'>verify  company  test</span>
						<span class='test-time'>Nov 27, 2017 01:30:48 PM</span>
						<span class='test-status right fail'>fail</span>
					</div>
					<div class='test-content hide'>
<div class='scenario node' test-id='7' status='fail'>
	<span class='duration right label'>0h 1m 28s+341ms</span>
	<div class='desc'>
		<b>Scenario</b>
		<span class="desc-text">validate add company</span>
	</div>
	<ul class='steps'>
		<li test-id='9' class='node given pass' status='pass'>
			
			<b>Given</b>
			
			<span class="bdd-step-name">Test setup has been successful</span>
			
		</li>
		<li test-id='23' class='node and pass' status='pass'>
			
			<b>And</b>
			
			<span class="bdd-step-name">I am the site 'https://customerdev2.gaialandscape.com/'</span>
			
		</li>
		<li test-id='24' class='node when fail' status='fail'>
			
			<b>When</b>
			
			<span class="bdd-step-name">I login with admin user</span>
				<div class='pre'>I set field 'email field' with value 'admin'</div>
				<div class='pre'>I set field 'password field' with value '# .Gaia$'</div>
				<div class='pre'>run 1 failed</div>
				<div class='pre'><pre>java.lang.AssertionError: expected element not found: continue button
	at org.junit.Assert.fail(Assert.java:88)
	at org.junit.Assert.assertTrue(Assert.java:41)
	at core.helpers.AssertHelper.assertTrue(AssertHelper.java:14)
	at core.helpers.ClickHelper.clickAndExpect(ClickHelper.java:42)
	at core.helpers.ClickHelper.clickAndExpect(ClickHelper.java:17)
	at core.helpers.FormHelper.formSubmit(FormHelper.java:132)
	at main.customerPanel.Panels.LoginPanel.login(LoginPanel.java:54)
	at test.java.web.sanityTests.Verify_Company_Test.validate_add_company(Verify_Company_Test.java:34)
	at sun.reflect.NativeMethodAccessorImpl.invoke0(Native Method)
	at sun.reflect.NativeMethodAccessorImpl.invoke(NativeMethodAccessorImpl.java:62)
	at sun.reflect.DelegatingMethodAccessorImpl.invoke(DelegatingMethodAccessorImpl.java:43)
	at java.lang.reflect.Method.invoke(Method.java:498)
	at org.junit.runners.model.FrameworkMethod$1.runReflectiveCall(FrameworkMethod.java:50)
	at org.junit.internal.runners.model.ReflectiveCallable.run(ReflectiveCallable.java:12)
	at org.junit.runners.model.FrameworkMethod.invokeExplosively(FrameworkMethod.java:47)
	at org.junit.internal.runners.statements.InvokeMethod.evaluate(InvokeMethod.java:17)
	at org.junit.internal.runners.statements.RunBefores.evaluate(RunBefores.java:26)
	at org.junit.internal.runners.statements.RunAfters.evaluate(RunAfters.java:27)
	at org.junit.internal.runners.statements.FailOnTimeout$CallableStatement.call(FailOnTimeout.java:298)
	at org.junit.internal.runners.statements.FailOnTimeout$CallableStatement.call(FailOnTimeout.java:292)
	at java.util.concurrent.FutureTask.run(FutureTask.java:266)
	at java.lang.Thread.run(Thread.java:748)
</pre></div>
				<div class='pre'>giving up after 1 failures</div>
			
		</li>
	</ul>
</div>
					</div>
				</li>
				
				
				<li class='test displayed active has-leaf fail' status='fail' bdd='true' test-id='29'>
					<div class='test-heading'>
						<span class='test-name'>verify  people  test</span>
						<span class='test-time'>Nov 27, 2017 01:31:44 PM</span>
						<span class='test-status right fail'>fail</span>
					</div>
					<div class='test-content hide'>
<div class='scenario node' test-id='30' status='fail'>
	<span class='duration right label'>0h 0m 32s+561ms</span>
	<div class='desc'>
		<b>Scenario</b>
		<span class="desc-text">validate add people</span>
	</div>
	<ul class='steps'>
		<li test-id='31' class='node given pass' status='pass'>
			
			<b>Given</b>
			
			<span class="bdd-step-name">Test setup has been successful</span>
			
		</li>
		<li test-id='32' class='node and pass' status='pass'>
			
			<b>And</b>
			
			<span class="bdd-step-name">I am the site 'https://customerdev2.gaialandscape.com/'</span>
			
		</li>
		<li test-id='33' class='node when fail' status='fail'>
			
			<b>When</b>
			
			<span class="bdd-step-name">I login with manager user</span>
				<div class='pre'>I set field 'email field' with value 'zzzautomanager1'</div>
				<div class='pre'>I set field 'password field' with value 'zzzautomanager1'</div>
				<div class='pre'>run 1 failed</div>
				<div class='pre'><pre>java.lang.AssertionError: expected element not found: continue button
	at org.junit.Assert.fail(Assert.java:88)
	at org.junit.Assert.assertTrue(Assert.java:41)
	at core.helpers.AssertHelper.assertTrue(AssertHelper.java:14)
	at core.helpers.ClickHelper.clickAndExpect(ClickHelper.java:42)
	at core.helpers.ClickHelper.clickAndExpect(ClickHelper.java:17)
	at core.helpers.FormHelper.formSubmit(FormHelper.java:132)
	at main.customerPanel.Panels.LoginPanel.login(LoginPanel.java:54)
	at test.java.web.sanityTests.Verify_People_Test.validate_add_people(Verify_People_Test.java:40)
	at sun.reflect.NativeMethodAccessorImpl.invoke0(Native Method)
	at sun.reflect.NativeMethodAccessorImpl.invoke(NativeMethodAccessorImpl.java:62)
	at sun.reflect.DelegatingMethodAccessorImpl.invoke(DelegatingMethodAccessorImpl.java:43)
	at java.lang.reflect.Method.invoke(Method.java:498)
	at org.junit.runners.model.FrameworkMethod$1.runReflectiveCall(FrameworkMethod.java:50)
	at org.junit.internal.runners.model.ReflectiveCallable.run(ReflectiveCallable.java:12)
	at org.junit.runners.model.FrameworkMethod.invokeExplosively(FrameworkMethod.java:47)
	at org.junit.internal.runners.statements.InvokeMethod.evaluate(InvokeMethod.java:17)
	at org.junit.internal.runners.statements.RunBefores.evaluate(RunBefores.java:26)
	at org.junit.internal.runners.statements.RunAfters.evaluate(RunAfters.java:27)
	at org.junit.internal.runners.statements.FailOnTimeout$CallableStatement.call(FailOnTimeout.java:298)
	at org.junit.internal.runners.statements.FailOnTimeout$CallableStatement.call(FailOnTimeout.java:292)
	at java.util.concurrent.FutureTask.run(FutureTask.java:266)
	at java.lang.Thread.run(Thread.java:748)
</pre></div>
				<div class='pre'>giving up after 1 failures</div>
			
		</li>
	</ul>
</div>
					</div>
				</li>
			</ul>
		</div>
	</div>
	<!-- subview left -->

	<div class='subview-right left'>
		<div class='view-summary'>
			<h5 class='test-name'></h5>

			<div id='step-filters' class="right">
				<span class="blue-text" status="info" alt="info" title="info"><i class="material-icons">info_outline</i></span>
				<span class="green-text" status="pass" alt="pass" title="pass"><i class="material-icons">check_circle</i></span>
				<span class="red-text" status="fail" alt="fail" title="fail"><i class="material-icons">cancel</i></span>
				<span class="red-text text-darken-4" status="fatal" alt="fatal" title="fatal"><i class="material-icons">cancel</i></span>
				<span class="pink-text text-lighten-1" status="error" alt="error" title="error"><i class="material-icons">error</i></span>
				<span class="orange-text" alt="warning" status="warning" title="warning"><i class="material-icons">warning</i></span>
				<span class="teal-text" status="skip" alt="skip" title="skip"><i class="material-icons">redo</i></span>
				<span status="clear" alt="Clear filters" title="Clear filters"><i class="material-icons">clear</i></span>
			</div>
		</div>
	</div>
	<!-- subview right -->

</div>
<!-- test view -->
<!-- category view -->
<div id='exception-view' class='view hide'>

    <section id='controls'>
        <div class='controls grey lighten-4'>
            <!-- search -->
            <div class='chip transparent' alt='Search Tests' title='Search Tests'>
                <a href="#" class='search-div'>
                    <i class='material-icons'>search</i> Search
                </a>

                <div class='input-field left hide'>
                    <input id='search-tests' type='text' class='validate browser-default' placeholder='Search Tests...'>
                </div>

            </div>
            <!-- search -->
        </div>
    </section>

    <div class='subview-left left'>

        <div class='view-summary'>
            <h5>Exceptions</h3>
                <ul id='exception-collection' class='exception-collection'>

                        <li class='exception displayed active'>
                            <div class='exception-heading'>
                                <span class='exception-name'>java.lang.AssertionError</span>
                                <span class='exception-count right'><span class='label red lighten-1 white-text'>2</span></span>
                            </div>
                            <div class='exception-content hide'>
                                <div class='exception-tests'>
                                    <table class='bordered table-results'>
                                        <thead>
                                        <tr>
                                            <th>Timestamp</th>
                                            <th>TestName</th>
                                            <th>Status</th>
                                        </tr>
                                        </thead>
                                        <tbody>
                                                    <tr>
                                                        <td>Nov 27, 2017 01:31:38 PM</td>
                                                        <td class='linked' test-id='24'>verify  company  test.validate add company.I login with admin user</td>
                                                        <td><pre><pre>java.lang.AssertionError: expected element not found: continue button
	at org.junit.Assert.fail(Assert.java:88)
	at org.junit.Assert.assertTrue(Assert.java:41)
	at core.helpers.AssertHelper.assertTrue(AssertHelper.java:14)
	at core.helpers.ClickHelper.clickAndExpect(ClickHelper.java:42)
	at core.helpers.ClickHelper.clickAndExpect(ClickHelper.java:17)
	at core.helpers.FormHelper.formSubmit(FormHelper.java:132)
	at main.customerPanel.Panels.LoginPanel.login(LoginPanel.java:54)
	at test.java.web.sanityTests.Verify_Company_Test.validate_add_company(Verify_Company_Test.java:34)
	at sun.reflect.NativeMethodAccessorImpl.invoke0(Native Method)
	at sun.reflect.NativeMethodAccessorImpl.invoke(NativeMethodAccessorImpl.java:62)
	at sun.reflect.DelegatingMethodAccessorImpl.invoke(DelegatingMethodAccessorImpl.java:43)
	at java.lang.reflect.Method.invoke(Method.java:498)
	at org.junit.runners.model.FrameworkMethod$1.runReflectiveCall(FrameworkMethod.java:50)
	at org.junit.internal.runners.model.ReflectiveCallable.run(ReflectiveCallable.java:12)
	at org.junit.runners.model.FrameworkMethod.invokeExplosively(FrameworkMethod.java:47)
	at org.junit.internal.runners.statements.InvokeMethod.evaluate(InvokeMethod.java:17)
	at org.junit.internal.runners.statements.RunBefores.evaluate(RunBefores.java:26)
	at org.junit.internal.runners.statements.RunAfters.evaluate(RunAfters.java:27)
	at org.junit.internal.runners.statements.FailOnTimeout$CallableStatement.call(FailOnTimeout.java:298)
	at org.junit.internal.runners.statements.FailOnTimeout$CallableStatement.call(FailOnTimeout.java:292)
	at java.util.concurrent.FutureTask.run(FutureTask.java:266)
	at java.lang.Thread.run(Thread.java:748)
</pre></pre></td>
                                                    </tr>
                                                    <tr>
                                                        <td>Nov 27, 2017 01:31:47 PM</td>
                                                        <td class='linked' test-id='33'>verify  people  test.validate add people.I login with manager user</td>
                                                        <td><pre><pre>java.lang.AssertionError: expected element not found: continue button
	at org.junit.Assert.fail(Assert.java:88)
	at org.junit.Assert.assertTrue(Assert.java:41)
	at core.helpers.AssertHelper.assertTrue(AssertHelper.java:14)
	at core.helpers.ClickHelper.clickAndExpect(ClickHelper.java:42)
	at core.helpers.ClickHelper.clickAndExpect(ClickHelper.java:17)
	at core.helpers.FormHelper.formSubmit(FormHelper.java:132)
	at main.customerPanel.Panels.LoginPanel.login(LoginPanel.java:54)
	at test.java.web.sanityTests.Verify_People_Test.validate_add_people(Verify_People_Test.java:40)
	at sun.reflect.NativeMethodAccessorImpl.invoke0(Native Method)
	at sun.reflect.NativeMethodAccessorImpl.invoke(NativeMethodAccessorImpl.java:62)
	at sun.reflect.DelegatingMethodAccessorImpl.invoke(DelegatingMethodAccessorImpl.java:43)
	at java.lang.reflect.Method.invoke(Method.java:498)
	at org.junit.runners.model.FrameworkMethod$1.runReflectiveCall(FrameworkMethod.java:50)
	at org.junit.internal.runners.model.ReflectiveCallable.run(ReflectiveCallable.java:12)
	at org.junit.runners.model.FrameworkMethod.invokeExplosively(FrameworkMethod.java:47)
	at org.junit.internal.runners.statements.InvokeMethod.evaluate(InvokeMethod.java:17)
	at org.junit.internal.runners.statements.RunBefores.evaluate(RunBefores.java:26)
	at org.junit.internal.runners.statements.RunAfters.evaluate(RunAfters.java:27)
	at org.junit.internal.runners.statements.FailOnTimeout$CallableStatement.call(FailOnTimeout.java:298)
	at org.junit.internal.runners.statements.FailOnTimeout$CallableStatement.call(FailOnTimeout.java:292)
	at java.util.concurrent.FutureTask.run(FutureTask.java:266)
	at java.lang.Thread.run(Thread.java:748)
</pre></pre></td>
                                                    </tr>
                                        </tbody>
                                    </table>
                                </div>
                            </div>
                        </li>
                </ul>
        </div>
    </div>

    <div class='subview-right left'>
        <div class='view-summary'>
            <h5 class='exception-name'></h5>
        </div>
    </div>
</div>
<!-- exception view -->
<div id='dashboard-view' class='view hide'>
	<div class='card-panel transparent np-v'>
		<h5>Dashboard</h5>

		<div class='row'>
			<div class='col s2'>
				<div class='card-panel r'>
					Features
					<div class='panel-lead'>3</div>
				</div>
			</div>
			<div class='col s2'>
				<div class='card-panel r'>
					Scenarios
					<div class='panel-lead'>6</div>
				</div>
			</div>
			<div class='col s2'>
				<div class='card-panel r'>
					Steps
					<div class='panel-lead'>24</div>
				</div>
			</div>
			<div class='col s2'>
				<div class='card-panel r'>
					Start
					<div class='panel-lead'>Nov 27, 2017 01:30:48 PM</div>
				</div>
			</div>
			<div class='col s2'>
				<div class='card-panel r'>
			 		End
			 		<div class='panel-lead'>Nov 27, 2017 01:32:17 PM</div>
				</div>
			</div>
			<div class='col s2'>
				<div class='card-panel r'>
					Time Taken
					<div class='panel-lead'>88,429ms</div>
				</div>
			</div>
		</div>
	</div>
</div>
<!-- dashboard view -->
<!-- testrunner-logs view -->
		</div>
		<!-- container -->

		<script>
			var statusGroup = {
				passParent: 1,
				failParent: 2,
				fatalParent: 0,
				errorParent: 0,
				warningParent: 0,
				skipParent: 0,
				exceptionsParent: 2,
				
				passChild: 4,
				failChild: 2,
				fatalChild: 0,
				errorChild: 0,
				warningChild: 0,
				skipChild: 0,
				infoChild: 0,
				exceptionsChild: 2,
				
				passGrandChild: 22,
				failGrandChild: 2,
				fatalGrandChild: 0,
				errorGrandChild: 0,
				warningGrandChild: 0,
				skipGrandChild: 0,
				infoGrandChild: 0,
				exceptionsGrandChild: 2,
			};
		</script>
		
			<script src='https://cdn.rawgit.com/anshooarora/extentreports-java/5ed7b0c339b51aa347b44ccaa2e2ff29905b2f9f/dist/js/extent.js' type='text/javascript'></script>
		
		
	</body>
	
</html>
